Loaded 12000 systems
Generated 11800 l2 nodes
jump: 2463 market: 1561 system: 7776 total: 11800
num edges: 14030970
Using source = X1-ZU66-93668D

Running A* pathfinding for destination = X1-YU85-99640B	(COSMIC HQ)
Time elapsed: 539.906452ms
Planned route from X1-ZU66-93668D to X1-YU85-99640B under fuel constraint: 1500
Nav(BURN)	X1-ZU66-93668D  ->  X1-ZU66-24389B	40s	  40s	200	1200
Jumpgate	X1-ZU66-24389B  ->  X1-NB51-33013C	141s	 181s	0	1200
Jumpgate	X1-NB51-33013C  ->  X1-ZB98-38486E	183s	 364s	0	1200
Jumpgate	X1-ZB98-38486E  ->  X1-GG87-92113A	173s	 537s	0	1200
Jumpgate	X1-GG87-92113A  ->  X1-KV51-21112B	87s	 624s	0	1200
Jumpgate	X1-KV51-21112B  ->  X1-A29-69327F 	194s	 818s	0	1200
Jumpgate	X1-A29-69327F   ->  X1-NQ55-34797A	123s	 941s	0	1200
Jumpgate	X1-NQ55-34797A  ->  X1-GM44-30836Z	145s	1086s	0	1200
Jumpgate	X1-GM44-30836Z  ->  X1-QT95-11445C	65s	1151s	0	1200
Jumpgate	X1-QT95-11445C  ->  X1-SQ98-16016X	194s	1345s	0	1200
Jumpgate	X1-SQ98-16016X  ->  X1-CT27-88776A	198s	1543s	0	1200
Jumpgate	X1-CT27-88776A  ->  X1-KF69-43311A	62s	1605s	0	1200
Jumpgate	X1-KF69-43311A  ->  X1-BX29-63638E	193s	1798s	0	1200
Jumpgate	X1-BX29-63638E  ->  X1-RC58-77607D	91s	1889s	0	1200
Jumpgate	X1-RC58-77607D  ->  X1-AD81-58806B	159s	2048s	0	1200
Jumpgate	X1-AD81-58806B  ->  X1-SD38-92511X	175s	2223s	0	1200
Jumpgate	X1-SD38-92511X  ->  X1-QJ11-03310Z	129s	2352s	0	1200
Jumpgate	X1-QJ11-03310Z  ->  X1-VN98-01218Z	195s	2547s	0	1200
Jumpgate	X1-VN98-01218Z  ->  X1-DD46-05015B	178s	2725s	0	1200
Jumpgate	X1-DD46-05015B  ->  X1-YU85-14659B	60s	2785s	0	1200
Nav(BURN)	X1-YU85-14659B  ->  X1-YU85-99640B	25s	2810s	82	1050
Refuel		X1-YU85-99640B	              					1500
Total duration: 2810s
COSMIC	X1-YU85-99640B	46 minutes

Running A* pathfinding for destination = X1-FY6-28680D	(VOID HQ)
Time elapsed: 33.553422ms
Planned route from X1-ZU66-93668D to X1-FY6-28680D under fuel constraint: 1500
Nav(BURN)	X1-ZU66-93668D  ->  X1-ZU66-24389B	40s	  40s	200	1200
Jumpgate	X1-ZU66-24389B  ->  X1-ZD17-04068A	153s	 193s	0	1200
Jumpgate	X1-ZD17-04068A  ->  X1-MV89-34110D	168s	 361s	0	1200
Jumpgate	X1-MV89-34110D  ->  X1-KK60-44813A	144s	 505s	0	1200
Jumpgate	X1-KK60-44813A  ->  X1-NR45-33214D	170s	 675s	0	1200
Jumpgate	X1-NR45-33214D  ->  X1-JY46-31396Z	157s	 832s	0	1200
Jumpgate	X1-JY46-31396Z  ->  X1-KG53-25037F	110s	 942s	0	1200
Jumpgate	X1-KG53-25037F  ->  X1-H77-49610C 	185s	1127s	0	1200
Jumpgate	X1-H77-49610C   ->  X1-KT65-33884F	191s	1318s	0	1200
Jumpgate	X1-KT65-33884F  ->  X1-XZ56-30019B	103s	1421s	0	1200
Jumpgate	X1-XZ56-30019B  ->  X1-VA25-55252Z	180s	1601s	0	1200
Jumpgate	X1-VA25-55252Z  ->  X1-VU69-95595A	159s	1760s	0	1200
Jumpgate	X1-VU69-95595A  ->  X1-ZQ78-05345X	195s	1955s	0	1200
Jumpgate	X1-ZQ78-05345X  ->  X1-FY6-67949X 	150s	2105s	0	1200
Nav(BURN)	X1-FY6-67949X   ->  X1-FY6-28680D 	31s	2136s	128	1050
Refuel		X1-FY6-28680D 	              					1500
Total duration: 2136s
VOID	X1-FY6-28680D	35 minutes

Running A* pathfinding for destination = X1-VR14-43680Z	(GALACTIC HQ)
Time elapsed: 1.847702ms
Planned route from X1-ZU66-93668D to X1-VR14-43680Z under fuel constraint: 1500
Nav(BURN)	X1-ZU66-93668D  ->  X1-ZU66-24389B	40s	  40s	200	1200
Jumpgate	X1-ZU66-24389B  ->  X1-MH80-34519C	115s	 155s	0	1200
Jumpgate	X1-MH80-34519C  ->  X1-CG85-78016B	191s	 346s	0	1200
Jumpgate	X1-CG85-78016B  ->  X1-SJ11-27666A	195s	 541s	0	1200
Jumpgate	X1-SJ11-27666A  ->  X1-FH49-20307F	190s	 731s	0	1200
Jumpgate	X1-FH49-20307F  ->  X1-VR14-12509X	120s	 851s	0	1200
Nav(BURN)	X1-VR14-12509X  ->  X1-VR14-43680Z	36s	 887s	166	900
Refuel		X1-VR14-43680Z	              					1500
Total duration: 887s
GALACTIC	X1-VR14-43680Z	14 minutes

Running A* pathfinding for destination = X1-ZS57-64950Z	(QUANTUM HQ)
Time elapsed: 24.343816ms
Planned route from X1-ZU66-93668D to X1-ZS57-64950Z under fuel constraint: 1500
Nav(BURN)	X1-ZU66-93668D  ->  X1-ZU66-24389B	40s	  40s	200	1200
Jumpgate	X1-ZU66-24389B  ->  X1-ZR24-67509C	90s	 130s	0	1200
Jumpgate	X1-ZR24-67509C  ->  X1-TP44-07199D	133s	 263s	0	1200
Jumpgate	X1-TP44-07199D  ->  X1-QK10-47432B	165s	 428s	0	1200
Jumpgate	X1-QK10-47432B  ->  X1-UN69-06511E	92s	 520s	0	1200
Jumpgate	X1-UN69-06511E  ->  X1-HS44-93603F	155s	 675s	0	1200
Jumpgate	X1-HS44-93603F  ->  X1-BN16-27587A	175s	 850s	0	1200
Jumpgate	X1-BN16-27587A  ->  X1-MY75-99210Z	194s	1044s	0	1200
Jumpgate	X1-MY75-99210Z  ->  X1-UM83-74897X	199s	1243s	0	1200
Jumpgate	X1-UM83-74897X  ->  X1-PZ52-39465D	96s	1339s	0	1200
Jumpgate	X1-PZ52-39465D  ->  X1-ZS57-82619X	190s	1529s	0	1200
Nav(BURN)	X1-ZS57-82619X  ->  X1-ZS57-64950Z	26s	1555s	90	1050
Refuel		X1-ZS57-64950Z	              					1500
Total duration: 1555s
QUANTUM	X1-ZS57-64950Z	25 minutes

Running A* pathfinding for destination = X1-UR47-29080C	(DOMINION HQ)
Time elapsed: 1.225499898s
Planned route from X1-ZU66-93668D to X1-UR47-29080C under fuel constraint: 1500
Nav(CRUISE)	X1-ZU66-93668D  ->  X1-ZU66-24389B	65s	  65s	100	1350
Jumpgate	X1-ZU66-24389B  ->  X1-ZR24-67509C	90s	 155s	0	1350
Jumpgate	X1-ZR24-67509C  ->  X1-TP44-07199D	133s	 288s	0	1350
Jumpgate	X1-TP44-07199D  ->  X1-QK10-47432B	165s	 453s	0	1350
Jumpgate	X1-QK10-47432B  ->  X1-RG52-99724B	198s	 651s	0	1350
Jumpgate	X1-RG52-99724B  ->  X1-UV10-33716C	184s	 835s	0	1350
Jumpgate	X1-UV10-33716C  ->  X1-XK72-62611D	129s	 964s	0	1350
Jumpgate	X1-XK72-62611D  ->  X1-N80-42264C 	192s	1156s	0	1350
Jumpgate	X1-N80-42264C   ->  X1-PD35-18789F	188s	1344s	0	1350
Jumpgate	X1-PD35-18789F  ->  X1-MD90-86429F	176s	1520s	0	1350
Jumpgate	X1-MD90-86429F  ->  X1-RK30-88304Z	161s	1681s	0	1350
Jumpgate	X1-RK30-88304Z  ->  X1-XJ24-53307X	108s	1789s	0	1350
Jumpgate	X1-XJ24-53307X  ->  X1-JR11-21136A	162s	1951s	0	1350
Jumpgate	X1-JR11-21136A  ->  X1-ZR46-24628E	197s	2148s	0	1350
Jumpgate	X1-ZR46-24628E  ->  X1-TZ26-41653B	129s	2277s	0	1350
Jumpgate	X1-TZ26-41653B  ->  X1-XC56-65376E	164s	2441s	0	1350
Jumpgate	X1-XC56-65376E  ->  X1-RV27-15665A	161s	2602s	0	1350
Warp(DRIFT)	X1-RV27-15665A  ->  X1-JD26       	2435s	5037s	1	1200
Warp(CRUISE)	X1-JD26         ->  X1-UM15       	548s	5585s	799	300
Warp(DRIFT)	X1-UM15         ->  X1-SP65-23865D	8968s	14553s	1	150
Jumpgate	X1-SP65-23865D  ->  X1-UH74-85027E	128s	14681s	0	150
Jumpgate	X1-UH74-85027E  ->  X1-ZS2-10796D 	178s	14859s	0	150
Jumpgate	X1-ZS2-10796D   ->  X1-ZP72-70927E	153s	15012s	0	150
Jumpgate	X1-ZP72-70927E  ->  X1-MT8-26849Z 	176s	15188s	0	150
Jumpgate	X1-MT8-26849Z   ->  X1-AR19-98055C	194s	15382s	0	150
Jumpgate	X1-AR19-98055C  ->  X1-BD25-42317D	189s	15571s	0	150
Jumpgate	X1-BD25-42317D  ->  X1-FB27-79839B	190s	15761s	0	150
Jumpgate	X1-FB27-79839B  ->  X1-NP83-72108X	60s	15821s	0	150
Jumpgate	X1-NP83-72108X  ->  X1-PV88-84239C	187s	16008s	0	150
Jumpgate	X1-PV88-84239C  ->  X1-UR47-12199Z	153s	16161s	0	150
Nav(BURN)	X1-UR47-12199Z  ->  X1-UR47-38618D	16s	16177s	8	0
Refuel		X1-UR47-38618D	              					1500
Nav(BURN)	X1-UR47-38618D  ->  X1-UR47-29080C	35s	16212s	162	1200
Refuel		X1-UR47-29080C	              					1500
Total duration: 16212s
DOMINION	X1-UR47-29080C	270 minutes

Running A* pathfinding for destination = X1-PC86-64140E	(ASTRO HQ)
Time elapsed: 798.95012ms
Planned route from X1-ZU66-93668D to X1-PC86-64140E under fuel constraint: 1500
Nav(BURN)	X1-ZU66-93668D  ->  X1-ZU66-24389B	40s	  40s	200	1200
Jumpgate	X1-ZU66-24389B  ->  X1-NB51-33013C	141s	 181s	0	1200
Jumpgate	X1-NB51-33013C  ->  X1-ZB98-38486E	183s	 364s	0	1200
Jumpgate	X1-ZB98-38486E  ->  X1-GG87-92113A	173s	 537s	0	1200
Jumpgate	X1-GG87-92113A  ->  X1-KV51-21112B	87s	 624s	0	1200
Jumpgate	X1-KV51-21112B  ->  X1-A29-69327F 	194s	 818s	0	1200
Jumpgate	X1-A29-69327F   ->  X1-NQ55-34797A	123s	 941s	0	1200
Jumpgate	X1-NQ55-34797A  ->  X1-GM44-30836Z	145s	1086s	0	1200
Jumpgate	X1-GM44-30836Z  ->  X1-QT95-11445C	65s	1151s	0	1200
Jumpgate	X1-QT95-11445C  ->  X1-SQ98-16016X	194s	1345s	0	1200
Jumpgate	X1-SQ98-16016X  ->  X1-CT27-88776A	198s	1543s	0	1200
Jumpgate	X1-CT27-88776A  ->  X1-KF69-43311A	62s	1605s	0	1200
Jumpgate	X1-KF69-43311A  ->  X1-BX29-63638E	193s	1798s	0	1200
Jumpgate	X1-BX29-63638E  ->  X1-RC58-77607D	91s	1889s	0	1200
Jumpgate	X1-RC58-77607D  ->  X1-AD81-58806B	159s	2048s	0	1200
Jumpgate	X1-AD81-58806B  ->  X1-PY52-63558A	94s	2142s	0	1200
Jumpgate	X1-PY52-63558A  ->  X1-TU29-08010F	178s	2320s	0	1200
Jumpgate	X1-TU29-08010F  ->  X1-YG20-18118C	173s	2493s	0	1200
Jumpgate	X1-YG20-18118C  ->  X1-FC34-32856D	163s	2656s	0	1200
Jumpgate	X1-FC34-32856D  ->  X1-NJ72-51726Z	100s	2756s	0	1200
Jumpgate	X1-NJ72-51726Z  ->  X1-PT80-95810X	198s	2954s	0	1200
Jumpgate	X1-PT80-95810X  ->  X1-DD95-74236D	169s	3123s	0	1200
Jumpgate	X1-DD95-74236D  ->  X1-HK69-43278F	185s	3308s	0	1200
Jumpgate	X1-HK69-43278F  ->  X1-BU3-78045D 	185s	3493s	0	1200
Jumpgate	X1-BU3-78045D   ->  X1-JK73-40034Z	200s	3693s	0	1200
Jumpgate	X1-JK73-40034Z  ->  X1-SZ28-24308F	193s	3886s	0	1200
Jumpgate	X1-SZ28-24308F  ->  X1-CB55-76910D	173s	4059s	0	1200
Warp(CRUISE)	X1-CB55-76910D  ->  X1-ZS51-08980D	807s	4866s	1188	0
Refuel		X1-ZS51-08980D	              					1500
Warp(CRUISE)	X1-ZS51-08980D  ->  X1-PC86-64140E	852s	5718s	1255	150
Refuel		X1-PC86-64140E	              					1500
Total duration: 5718s
ASTRO	X1-PC86-64140E	95 minutes

Running A* pathfinding for destination = X1-RU52-61270D	(CORSAIRS HQ)
Time elapsed: 1.533105289s
Planned route from X1-ZU66-93668D to X1-RU52-61270D under fuel constraint: 1500
Nav(BURN)	X1-ZU66-93668D  ->  X1-ZU66-24389B	40s	  40s	200	1200
Jumpgate	X1-ZU66-24389B  ->  X1-CC97-95811B	104s	 144s	0	1200
Jumpgate	X1-CC97-95811B  ->  X1-DK68-23165B	145s	 289s	0	1200
Jumpgate	X1-DK68-23165B  ->  X1-CS30-14457Z	182s	 471s	0	1200
Jumpgate	X1-CS30-14457Z  ->  X1-RX24-73399A	182s	 653s	0	1200
Jumpgate	X1-RX24-73399A  ->  X1-NF54-61575A	103s	 756s	0	1200
Jumpgate	X1-NF54-61575A  ->  X1-HK43-35614Z	102s	 858s	0	1200
Jumpgate	X1-HK43-35614Z  ->  X1-ZX72-94507A	63s	 921s	0	1200
Jumpgate	X1-ZX72-94507A  ->  X1-KA93-48926X	170s	1091s	0	1200
Jumpgate	X1-KA93-48926X  ->  X1-AJ27-01382D	171s	1262s	0	1200
Jumpgate	X1-AJ27-01382D  ->  X1-JN80-58812Z	155s	1417s	0	1200
Jumpgate	X1-JN80-58812Z  ->  X1-BB75-19708Z	197s	1614s	0	1200
Jumpgate	X1-BB75-19708Z  ->  X1-KY54-10687Z	82s	1696s	0	1200
Jumpgate	X1-KY54-10687Z  ->  X1-QV59-78899D	148s	1844s	0	1200
Jumpgate	X1-QV59-78899D  ->  X1-FH31-37066F	126s	1970s	0	1200
Jumpgate	X1-FH31-37066F  ->  X1-GF59-21009A	181s	2151s	0	1200
Jumpgate	X1-GF59-21009A  ->  X1-XG75-42109C	163s	2314s	0	1200
Jumpgate	X1-XG75-42109C  ->  X1-TG31-38996D	124s	2438s	0	1200
Jumpgate	X1-TG31-38996D  ->  X1-MQ16-03554Z	115s	2553s	0	1200
Jumpgate	X1-MQ16-03554Z  ->  X1-XC75-42935X	175s	2728s	0	1200
Jumpgate	X1-XC75-42935X  ->  X1-BJ61-36294X	181s	2909s	0	1200
Jumpgate	X1-BJ61-36294X  ->  X1-RR9-18846X 	193s	3102s	0	1200
Jumpgate	X1-RR9-18846X   ->  X1-ZG5-22907E 	82s	3184s	0	1200
Jumpgate	X1-ZG5-22907E   ->  X1-XR4-75384B 	160s	3344s	0	1200
Jumpgate	X1-XR4-75384B   ->  X1-RP43-00678E	184s	3528s	0	1200
Jumpgate	X1-RP43-00678E  ->  X1-NR97-93212B	188s	3716s	0	1200
Jumpgate	X1-NR97-93212B  ->  X1-YB5-11086B 	200s	3916s	0	1200
Jumpgate	X1-YB5-11086B   ->  X1-RV3-17766A 	66s	3982s	0	1200
Jumpgate	X1-RV3-17766A   ->  X1-DP78-92410E	198s	4180s	0	1200
Jumpgate	X1-DP78-92410E  ->  X1-RC14-84568E	132s	4312s	0	1200
Jumpgate	X1-RC14-84568E  ->  X1-QJ73-32438Z	181s	4493s	0	1200
Jumpgate	X1-QJ73-32438Z  ->  X1-BR6-89236A 	64s	4557s	0	1200
Jumpgate	X1-BR6-89236A   ->  X1-YY85-41655A	200s	4757s	0	1200
Warp(CRUISE)	X1-YY85-41655A  ->  X1-BK63       	381s	5138s	549	600
Warp(DRIFT)	X1-BK63         ->  X1-PY14-28363E	30308s	35446s	1	450
Jumpgate	X1-PY14-28363E  ->  X1-CU96-90396X	170s	35616s	0	450
Jumpgate	X1-CU96-90396X  ->  X1-RF69-52154X	139s	35755s	0	450
Jumpgate	X1-RF69-52154X  ->  X1-RS37-09078C	197s	35952s	0	450
Jumpgate	X1-RS37-09078C  ->  X1-DS32-73235Z	60s	36012s	0	450
Warp(DRIFT)	X1-DS32-73235Z  ->  X1-MQ94-14210C	9888s	45900s	1	300
Refuel		X1-MQ94-14210C	              					1500
Warp(CRUISE)	X1-MQ94-14210C  ->  X1-HH61-50123D	892s	46792s	1316	150
Refuel		X1-HH61-50123D	              					1500
Warp(BURN)	X1-HH61-50123D  ->  X1-UP26-45970E	258s	47050s	1456	0
Refuel		X1-UP26-45970E	              					1500
Warp(CRUISE)	X1-UP26-45970E  ->  X1-K21-61748C 	564s	47614s	824	600
Jumpgate	X1-K21-61748C   ->  X1-MT34-63315A	128s	47742s	0	600
Jumpgate	X1-MT34-63315A  ->  X1-RU52-79479C	101s	47843s	0	600
Nav(BURN)	X1-RU52-79479C  ->  X1-RU52-61270D	29s	47872s	114	450
Refuel		X1-RU52-61270D	              					1500
Total duration: 47872s
CORSAIRS	X1-RU52-61270D	797 minutes

Running A* pathfinding for destination = X1-FB23-83310D	(OBSIDIAN HQ)
Time elapsed: 922.631364ms
Planned route from X1-ZU66-93668D to X1-FB23-83310D under fuel constraint: 1500
Nav(BURN)	X1-ZU66-93668D  ->  X1-ZU66-24389B	40s	  40s	200	1200
Jumpgate	X1-ZU66-24389B  ->  X1-TP58-87906C	95s	 135s	0	1200
Jumpgate	X1-TP58-87906C  ->  X1-DK68-23165B	154s	 289s	0	1200
Jumpgate	X1-DK68-23165B  ->  X1-CS30-14457Z	182s	 471s	0	1200
Jumpgate	X1-CS30-14457Z  ->  X1-RX24-73399A	182s	 653s	0	1200
Jumpgate	X1-RX24-73399A  ->  X1-NF54-61575A	103s	 756s	0	1200
Jumpgate	X1-NF54-61575A  ->  X1-HK43-35614Z	102s	 858s	0	1200
Jumpgate	X1-HK43-35614Z  ->  X1-ZX72-94507A	63s	 921s	0	1200
Jumpgate	X1-ZX72-94507A  ->  X1-KA93-48926X	170s	1091s	0	1200
Jumpgate	X1-KA93-48926X  ->  X1-HM78-48817C	150s	1241s	0	1200
Jumpgate	X1-HM78-48817C  ->  X1-JG93-78977B	182s	1423s	0	1200
Jumpgate	X1-JG93-78977B  ->  X1-BB75-19708Z	191s	1614s	0	1200
Jumpgate	X1-BB75-19708Z  ->  X1-KY54-10687Z	82s	1696s	0	1200
Jumpgate	X1-KY54-10687Z  ->  X1-QV59-78899D	148s	1844s	0	1200
Jumpgate	X1-QV59-78899D  ->  X1-FH31-37066F	126s	1970s	0	1200
Jumpgate	X1-FH31-37066F  ->  X1-GF59-21009A	181s	2151s	0	1200
Jumpgate	X1-GF59-21009A  ->  X1-XG75-42109C	163s	2314s	0	1200
Jumpgate	X1-XG75-42109C  ->  X1-XK98-14766A	179s	2493s	0	1200
Jumpgate	X1-XK98-14766A  ->  X1-YT51-05948X	149s	2642s	0	1200
Jumpgate	X1-YT51-05948X  ->  X1-MY76-39410A	149s	2791s	0	1200
Jumpgate	X1-MY76-39410A  ->  X1-F44-35553A 	172s	2963s	0	1200
Jumpgate	X1-F44-35553A   ->  X1-PN64-66068F	191s	3154s	0	1200
Jumpgate	X1-PN64-66068F  ->  X1-RK41-28756A	105s	3259s	0	1200
Jumpgate	X1-RK41-28756A  ->  X1-CC30-68116E	141s	3400s	0	1200
Jumpgate	X1-CC30-68116E  ->  X1-GJ98-00846F	157s	3557s	0	1200
Jumpgate	X1-GJ98-00846F  ->  X1-RU28-67164B	81s	3638s	0	1200
Jumpgate	X1-RU28-67164B  ->  X1-HG22-65911A	179s	3817s	0	1200
Jumpgate	X1-HG22-65911A  ->  X1-KC61-95985F	193s	4010s	0	1200
Jumpgate	X1-KC61-95985F  ->  X1-XA11-61642C	117s	4127s	0	1200
Jumpgate	X1-XA11-61642C  ->  X1-HC91-27837F	193s	4320s	0	1200
Jumpgate	X1-HC91-27837F  ->  X1-UD12-28866D	158s	4478s	0	1200
Warp(BURN)	X1-UD12-28866D  ->  X1-GP19-90200B	153s	4631s	830	300
Refuel		X1-GP19-90200B	              					1500
Warp(CRUISE)	X1-GP19-90200B  ->  X1-MD32-25141D	813s	5444s	1197	300
Refuel		X1-MD32-25141D	              					1500
Warp(CRUISE)	X1-MD32-25141D  ->  X1-JH78-52053E	968s	6412s	1430	0
Refuel		X1-JH78-52053E	              					1500
Nav(BURN)	X1-JH78-52053E  ->  X1-JH78-79986A	40s	6452s	196	1200
Jumpgate	X1-JH78-79986A  ->  X1-FB23-71669A	188s	6640s	0	1200
Nav(BURN)	X1-FB23-71669A  ->  X1-FB23-83310D	37s	6677s	172	900
Refuel		X1-FB23-83310D	              					1500
Total duration: 6677s
OBSIDIAN	X1-FB23-83310D	111 minutes

Running A* pathfinding for destination = X1-MQ58-33390B	(AEGIS HQ)
Time elapsed: 1.152976979s
Planned route from X1-ZU66-93668D to X1-MQ58-33390B under fuel constraint: 1500
Nav(CRUISE)	X1-ZU66-93668D  ->  X1-ZU66-24389B	65s	  65s	100	1350
Jumpgate	X1-ZU66-24389B  ->  X1-TP58-87906C	95s	 160s	0	1350
Jumpgate	X1-TP58-87906C  ->  X1-DK68-23165B	154s	 314s	0	1350
Jumpgate	X1-DK68-23165B  ->  X1-CS30-14457Z	182s	 496s	0	1350
Jumpgate	X1-CS30-14457Z  ->  X1-RX24-73399A	182s	 678s	0	1350
Jumpgate	X1-RX24-73399A  ->  X1-NF54-61575A	103s	 781s	0	1350
Jumpgate	X1-NF54-61575A  ->  X1-HK43-35614Z	102s	 883s	0	1350
Jumpgate	X1-HK43-35614Z  ->  X1-ZX72-94507A	63s	 946s	0	1350
Jumpgate	X1-ZX72-94507A  ->  X1-KA93-48926X	170s	1116s	0	1350
Jumpgate	X1-KA93-48926X  ->  X1-HM78-48817C	150s	1266s	0	1350
Jumpgate	X1-HM78-48817C  ->  X1-JG93-78977B	182s	1448s	0	1350
Jumpgate	X1-JG93-78977B  ->  X1-BB75-19708Z	191s	1639s	0	1350
Jumpgate	X1-BB75-19708Z  ->  X1-KY54-10687Z	82s	1721s	0	1350
Jumpgate	X1-KY54-10687Z  ->  X1-QV59-78899D	148s	1869s	0	1350
Jumpgate	X1-QV59-78899D  ->  X1-FH31-37066F	126s	1995s	0	1350
Jumpgate	X1-FH31-37066F  ->  X1-GF59-21009A	181s	2176s	0	1350
Jumpgate	X1-GF59-21009A  ->  X1-XG75-42109C	163s	2339s	0	1350
Jumpgate	X1-XG75-42109C  ->  X1-XK98-14766A	179s	2518s	0	1350
Jumpgate	X1-XK98-14766A  ->  X1-YT51-05948X	149s	2667s	0	1350
Jumpgate	X1-YT51-05948X  ->  X1-MY76-39410A	149s	2816s	0	1350
Jumpgate	X1-MY76-39410A  ->  X1-F44-35553A 	172s	2988s	0	1350
Jumpgate	X1-F44-35553A   ->  X1-PN64-66068F	191s	3179s	0	1350
Jumpgate	X1-PN64-66068F  ->  X1-RK41-28756A	105s	3284s	0	1350
Jumpgate	X1-RK41-28756A  ->  X1-CC30-68116E	141s	3425s	0	1350
Jumpgate	X1-CC30-68116E  ->  X1-JY74-09744E	87s	3512s	0	1350
Jumpgate	X1-JY74-09744E  ->  X1-YJ35-11709D	132s	3644s	0	1350
Jumpgate	X1-YJ35-11709D  ->  X1-NV81-16626E	139s	3783s	0	1350
Jumpgate	X1-NV81-16626E  ->  X1-VQ27-13946F	183s	3966s	0	1350
Jumpgate	X1-VQ27-13946F  ->  X1-DS68-44614Z	192s	4158s	0	1350
Jumpgate	X1-DS68-44614Z  ->  X1-NS62-17757Z	154s	4312s	0	1350
Warp(DRIFT)	X1-NS62-17757Z  ->  X1-KD23       	9048s	13360s	1	1200
Warp(CRUISE)	X1-KD23         ->  X1-FK15-73710C	643s	14003s	942	150
Jumpgate	X1-FK15-73710C  ->  X1-NQ93-44310E	185s	14188s	0	150
Jumpgate	X1-NQ93-44310E  ->  X1-HA40-52155A	186s	14374s	0	150
Jumpgate	X1-HA40-52155A  ->  X1-ZT16-70176C	156s	14530s	0	150
Jumpgate	X1-ZT16-70176C  ->  X1-BY34-43611Z	180s	14710s	0	150
Jumpgate	X1-BY34-43611Z  ->  X1-MT43-73012X	197s	14907s	0	150
Jumpgate	X1-MT43-73012X  ->  X1-MQ58-61749D	165s	15072s	0	150
Nav(BURN)	X1-MQ58-61749D  ->  X1-MQ58-33390B	34s	15106s	150	0
Refuel		X1-MQ58-33390B	              					1500
Total duration: 15106s
AEGIS	X1-MQ58-33390B	251 minutes

Running A* pathfinding for destination = X1-D13-13370B	(UNITED HQ)
Time elapsed: 1.527340029s
Planned route from X1-ZU66-93668D to X1-D13-13370B under fuel constraint: 1500
Nav(CRUISE)	X1-ZU66-93668D  ->  X1-ZU66-24389B	65s	  65s	100	1350
Jumpgate	X1-ZU66-24389B  ->  X1-ZD17-04068A	153s	 218s	0	1350
Jumpgate	X1-ZD17-04068A  ->  X1-MV89-34110D	168s	 386s	0	1350
Jumpgate	X1-MV89-34110D  ->  X1-KK60-44813A	144s	 530s	0	1350
Jumpgate	X1-KK60-44813A  ->  X1-NR45-33214D	170s	 700s	0	1350
Jumpgate	X1-NR45-33214D  ->  X1-JY46-31396Z	157s	 857s	0	1350
Jumpgate	X1-JY46-31396Z  ->  X1-KG53-25037F	110s	 967s	0	1350
Jumpgate	X1-KG53-25037F  ->  X1-H77-49610C 	185s	1152s	0	1350
Jumpgate	X1-H77-49610C   ->  X1-KT65-33884F	191s	1343s	0	1350
Jumpgate	X1-KT65-33884F  ->  X1-XZ56-30019B	103s	1446s	0	1350
Jumpgate	X1-XZ56-30019B  ->  X1-VA25-55252Z	180s	1626s	0	1350
Jumpgate	X1-VA25-55252Z  ->  X1-VU69-95595A	159s	1785s	0	1350
Jumpgate	X1-VU69-95595A  ->  X1-ZQ78-05345X	195s	1980s	0	1350
Jumpgate	X1-ZQ78-05345X  ->  X1-NH42-03006X	139s	2119s	0	1350
Jumpgate	X1-NH42-03006X  ->  X1-NN8-68894A 	173s	2292s	0	1350
Jumpgate	X1-NN8-68894A   ->  X1-UB13-97647C	104s	2396s	0	1350
Jumpgate	X1-UB13-97647C  ->  X1-Q34-21885D 	166s	2562s	0	1350
Jumpgate	X1-Q34-21885D   ->  X1-GD28-31626X	155s	2717s	0	1350
Jumpgate	X1-GD28-31626X  ->  X1-DR76-78155F	169s	2886s	0	1350
Jumpgate	X1-DR76-78155F  ->  X1-KJ68-78446D	102s	2988s	0	1350
Jumpgate	X1-KJ68-78446D  ->  X1-PR90-85285C	175s	3163s	0	1350
Jumpgate	X1-PR90-85285C  ->  X1-YA32-08188D	168s	3331s	0	1350
Jumpgate	X1-YA32-08188D  ->  X1-ZT55-01549A	189s	3520s	0	1350
Jumpgate	X1-ZT55-01549A  ->  X1-ZV2-22055F 	84s	3604s	0	1350
Jumpgate	X1-ZV2-22055F   ->  X1-DB83-21875B	131s	3735s	0	1350
Jumpgate	X1-DB83-21875B  ->  X1-HY19-08235C	169s	3904s	0	1350
Jumpgate	X1-HY19-08235C  ->  X1-M54-29589Z 	87s	3991s	0	1350
Jumpgate	X1-M54-29589Z   ->  X1-DH52-75036D	171s	4162s	0	1350
Jumpgate	X1-DH52-75036D  ->  X1-SG37-31696X	158s	4320s	0	1350
Jumpgate	X1-SG37-31696X  ->  X1-U81-50409D 	184s	4504s	0	1350
Warp(CRUISE)	X1-U81-50409D   ->  X1-KG22       	740s	5244s	1087	150
Warp(DRIFT)	X1-KG22         ->  X1-VX55-49320C	19055s	24299s	1	0
Refuel		X1-VX55-49320C	              					1500
Warp(CRUISE)	X1-VX55-49320C  ->  X1-NU65-36084C	789s	25088s	1161	300
Refuel		X1-NU65-36084C	              					1500
Warp(DRIFT)	X1-NU65-36084C  ->  X1-VV25       	11875s	36963s	1	1350
Warp(CRUISE)	X1-VV25         ->  X1-YC8-48663A 	764s	37727s	1123	150
Refuel		X1-YC8-48663A 	              					1500
Warp(CRUISE)	X1-YC8-48663A   ->  X1-RK68-02815Z	520s	38247s	757	600
Jumpgate	X1-RK68-02815Z  ->  X1-D13-31529F 	104s	38351s	0	600
Nav(BURN)	X1-D13-31529F   ->  X1-D13-13370B 	37s	38388s	178	300
Refuel		X1-D13-13370B 	              					1500
Total duration: 38388s
UNITED	X1-D13-13370B	639 minutes

Running A* pathfinding for destination = X1-AK92-10370Z	(SOLITARY HQ)
Time elapsed: 1.199605823s
Planned route from X1-ZU66-93668D to X1-AK92-10370Z under fuel constraint: 1500
Nav(CRUISE)	X1-ZU66-93668D  ->  X1-ZU66-24389B	65s	  65s	100	1350
Jumpgate	X1-ZU66-24389B  ->  X1-PN22-65910B	196s	 261s	0	1350
Jumpgate	X1-PN22-65910B  ->  X1-UP73-46455B	162s	 423s	0	1350
Jumpgate	X1-UP73-46455B  ->  X1-SH84-33308X	185s	 608s	0	1350
Jumpgate	X1-SH84-33308X  ->  X1-CH67-84913E	195s	 803s	0	1350
Jumpgate	X1-CH67-84913E  ->  X1-GD22-06816X	148s	 951s	0	1350
Jumpgate	X1-GD22-06816X  ->  X1-DX71-59326D	184s	1135s	0	1350
Jumpgate	X1-DX71-59326D  ->  X1-CU73-04955F	153s	1288s	0	1350
Jumpgate	X1-CU73-04955F  ->  X1-DQ31-70566A	184s	1472s	0	1350
Jumpgate	X1-DQ31-70566A  ->  X1-DB92-08579C	160s	1632s	0	1350
Jumpgate	X1-DB92-08579C  ->  X1-PS49-61165Z	172s	1804s	0	1350
Jumpgate	X1-PS49-61165Z  ->  X1-DR86-69910B	186s	1990s	0	1350
Jumpgate	X1-DR86-69910B  ->  X1-UB40-76710F	169s	2159s	0	1350
Jumpgate	X1-UB40-76710F  ->  X1-XF19-63110E	150s	2309s	0	1350
Jumpgate	X1-XF19-63110E  ->  X1-XN54-54807A	148s	2457s	0	1350
Jumpgate	X1-XN54-54807A  ->  X1-ZA56-46348A	102s	2559s	0	1350
Jumpgate	X1-ZA56-46348A  ->  X1-Q38-01316D 	158s	2717s	0	1350
Jumpgate	X1-Q38-01316D   ->  X1-FX4-19009D 	179s	2896s	0	1350
Jumpgate	X1-FX4-19009D   ->  X1-FG7-26425C 	145s	3041s	0	1350
Jumpgate	X1-FG7-26425C   ->  X1-NP66-18889E	128s	3169s	0	1350
Jumpgate	X1-NP66-18889E  ->  X1-UT13-97284X	183s	3352s	0	1350
Jumpgate	X1-UT13-97284X  ->  X1-CG14-70277X	173s	3525s	0	1350
Warp(DRIFT)	X1-CG14-70277X  ->  X1-H87        	12495s	16020s	1	1200
Warp(CRUISE)	X1-H87          ->  X1-AK92-10370Z	784s	16804s	1153	0
Refuel		X1-AK92-10370Z	              					1500
Total duration: 16804s
SOLITARY	X1-AK92-10370Z	280 minutes

Running A* pathfinding for destination = X1-UA5-73930E	(COBALT HQ)
Time elapsed: 1.147784574s
Planned route from X1-ZU66-93668D to X1-UA5-73930E under fuel constraint: 1500
Nav(CRUISE)	X1-ZU66-93668D  ->  X1-ZU66-24389B	65s	  65s	100	1350
Jumpgate	X1-ZU66-24389B  ->  X1-MH80-34519C	115s	 180s	0	1350
Jumpgate	X1-MH80-34519C  ->  X1-CG85-78016B	191s	 371s	0	1350
Jumpgate	X1-CG85-78016B  ->  X1-FC56-19647X	174s	 545s	0	1350
Jumpgate	X1-FC56-19647X  ->  X1-Q78-29467A 	115s	 660s	0	1350
Jumpgate	X1-Q78-29467A   ->  X1-QD77-83412X	99s	 759s	0	1350
Jumpgate	X1-QD77-83412X  ->  X1-CV86-92626Z	143s	 902s	0	1350
Jumpgate	X1-CV86-92626Z  ->  X1-PH27-83428X	175s	1077s	0	1350
Jumpgate	X1-PH27-83428X  ->  X1-XF95-47539B	104s	1181s	0	1350
Jumpgate	X1-XF95-47539B  ->  X1-TD64-63196Z	180s	1361s	0	1350
Jumpgate	X1-TD64-63196Z  ->  X1-FP78-55018D	158s	1519s	0	1350
Jumpgate	X1-FP78-55018D  ->  X1-KU36-97498D	134s	1653s	0	1350
Jumpgate	X1-KU36-97498D  ->  X1-MM70-55236B	165s	1818s	0	1350
Jumpgate	X1-MM70-55236B  ->  X1-JT69-11024E	166s	1984s	0	1350
Jumpgate	X1-JT69-11024E  ->  X1-ZA91-51510F	120s	2104s	0	1350
Jumpgate	X1-ZA91-51510F  ->  X1-TD55-57006Z	188s	2292s	0	1350
Jumpgate	X1-TD55-57006Z  ->  X1-UU23-74577D	150s	2442s	0	1350
Jumpgate	X1-UU23-74577D  ->  X1-NR63-69364F	104s	2546s	0	1350
Jumpgate	X1-NR63-69364F  ->  X1-PF83-74435X	174s	2720s	0	1350
Warp(DRIFT)	X1-PF83-74435X  ->  X1-HU59       	8582s	11302s	1	1200
Warp(CRUISE)	X1-HU59         ->  X1-PA90-06146X	715s	12017s	1050	150
Jumpgate	X1-PA90-06146X  ->  X1-YU15-66126D	164s	12181s	0	150
Jumpgate	X1-YU15-66126D  ->  X1-HY9-30312X 	183s	12364s	0	150
Jumpgate	X1-HY9-30312X   ->  X1-GC70-46615C	153s	12517s	0	150
Jumpgate	X1-GC70-46615C  ->  X1-UA5-21399D 	67s	12584s	0	150
Nav(BURN)	X1-UA5-21399D   ->  X1-UA5-73930E 	29s	12613s	110	0
Refuel		X1-UA5-73930E 	              					1500
Total duration: 12613s
COBALT	X1-UA5-73930E	210 minutes

Running A* pathfinding for destination = X1-ST72-07260B	(OMEGA HQ)
Time elapsed: 2.060597828s
Planned route from X1-ZU66-93668D to X1-ST72-07260B under fuel constraint: 1500
Nav(CRUISE)	X1-ZU66-93668D  ->  X1-ZU66-24389B	65s	  65s	100	1350
Jumpgate	X1-ZU66-24389B  ->  X1-HJ15-73716Z	158s	 223s	0	1350
Jumpgate	X1-HJ15-73716Z  ->  X1-TT23-67010D	85s	 308s	0	1350
Jumpgate	X1-TT23-67010D  ->  X1-YB63-92210A	182s	 490s	0	1350
Jumpgate	X1-YB63-92210A  ->  X1-HX90-54078X	187s	 677s	0	1350
Jumpgate	X1-HX90-54078X  ->  X1-CS31-62405F	149s	 826s	0	1350
Jumpgate	X1-CS31-62405F  ->  X1-DQ16-20611F	85s	 911s	0	1350
Jumpgate	X1-DQ16-20611F  ->  X1-PS33-28977E	184s	1095s	0	1350
Jumpgate	X1-PS33-28977E  ->  X1-BX22-84954X	148s	1243s	0	1350
Jumpgate	X1-BX22-84954X  ->  X1-KN8-96165D 	194s	1437s	0	1350
Jumpgate	X1-KN8-96165D   ->  X1-FD9-09887E 	118s	1555s	0	1350
Jumpgate	X1-FD9-09887E   ->  X1-MX2-97595D 	138s	1693s	0	1350
Jumpgate	X1-MX2-97595D   ->  X1-XY51-32728X	167s	1860s	0	1350
Jumpgate	X1-XY51-32728X  ->  X1-PV91-50388D	174s	2034s	0	1350
Jumpgate	X1-PV91-50388D  ->  X1-TK72-55804Z	154s	2188s	0	1350
Jumpgate	X1-TK72-55804Z  ->  X1-CC17-80958C	198s	2386s	0	1350
Jumpgate	X1-CC17-80958C  ->  X1-CX57-47053D	173s	2559s	0	1350
Warp(CRUISE)	X1-CX57-47053D  ->  X1-CQ47       	526s	3085s	766	450
Warp(DRIFT)	X1-CQ47         ->  X1-YK40-67345F	10655s	13740s	1	300
Jumpgate	X1-YK40-67345F  ->  X1-HB77-23556A	161s	13901s	0	300
Jumpgate	X1-HB77-23556A  ->  X1-MQ42-82144D	175s	14076s	0	300
Warp(DRIFT)	X1-MQ42-82144D  ->  X1-YS77-16537D	33348s	47424s	1	150
Jumpgate	X1-YS77-16537D  ->  X1-UR57-30079E	154s	47578s	0	150
Jumpgate	X1-UR57-30079E  ->  X1-MC21-03659X	157s	47735s	0	150
Jumpgate	X1-MC21-03659X  ->  X1-KX26-65315B	121s	47856s	0	150
Jumpgate	X1-KX26-65315B  ->  X1-ST72-73499D	113s	47969s	0	150
Nav(BURN)	X1-ST72-73499D  ->  X1-ST72-79748X	17s	47986s	18	0
Refuel		X1-ST72-79748X	              					1500
Nav(BURN)	X1-ST72-79748X  ->  X1-ST72-07260B	39s	48025s	194	1200
Refuel		X1-ST72-07260B	              					1500
Total duration: 48025s
OMEGA	X1-ST72-07260B	800 minutes

Running A* pathfinding for destination = X1-TX94-77250C	(ECHO HQ)
Time elapsed: 1.002422339s
Planned route from X1-ZU66-93668D to X1-TX94-77250C under fuel constraint: 1500
Nav(CRUISE)	X1-ZU66-93668D  ->  X1-ZU66-24389B	65s	  65s	100	1350
Jumpgate	X1-ZU66-24389B  ->  X1-MY24-28949D	116s	 181s	0	1350
Jumpgate	X1-MY24-28949D  ->  X1-CK51-99114E	166s	 347s	0	1350
Jumpgate	X1-CK51-99114E  ->  X1-BZ43-07889E	80s	 427s	0	1350
Jumpgate	X1-BZ43-07889E  ->  X1-NX16-59917B	195s	 622s	0	1350
Jumpgate	X1-NX16-59917B  ->  X1-KP71-71018D	198s	 820s	0	1350
Jumpgate	X1-KP71-71018D  ->  X1-ZP44-28858E	172s	 992s	0	1350
Jumpgate	X1-ZP44-28858E  ->  X1-XY55-45889B	86s	1078s	0	1350
Jumpgate	X1-XY55-45889B  ->  X1-GS75-53546X	190s	1268s	0	1350
Jumpgate	X1-GS75-53546X  ->  X1-ZF96-01557C	191s	1459s	0	1350
Jumpgate	X1-ZF96-01557C  ->  X1-CH65-98039E	62s	1521s	0	1350
Jumpgate	X1-CH65-98039E  ->  X1-HP40-74706X	176s	1697s	0	1350
Jumpgate	X1-HP40-74706X  ->  X1-Q19-25166Z 	189s	1886s	0	1350
Jumpgate	X1-Q19-25166Z   ->  X1-A32-17679E 	83s	1969s	0	1350
Jumpgate	X1-A32-17679E   ->  X1-PV94-56828X	171s	2140s	0	1350
Jumpgate	X1-PV94-56828X  ->  X1-ST65-56478F	139s	2279s	0	1350
Jumpgate	X1-ST65-56478F  ->  X1-ZR12-64295Z	154s	2433s	0	1350
Jumpgate	X1-ZR12-64295Z  ->  X1-HN94-81067C	182s	2615s	0	1350
Jumpgate	X1-HN94-81067C  ->  X1-YY98-00719F	198s	2813s	0	1350
Jumpgate	X1-YY98-00719F  ->  X1-ZP9-62628X 	152s	2965s	0	1350
Jumpgate	X1-ZP9-62628X   ->  X1-JN42-55277B	145s	3110s	0	1350
Warp(DRIFT)	X1-JN42-55277B  ->  X1-ZU51       	4255s	7365s	1	1200
Warp(CRUISE)	X1-ZU51         ->  X1-RX65-36481F	774s	8139s	1138	0
Refuel		X1-RX65-36481F	              					1500
Warp(BURN)	X1-RX65-36481F  ->  X1-FZ91-70105X	205s	8344s	1142	300
Jumpgate	X1-FZ91-70105X  ->  X1-TX94-43479C	128s	8472s	0	300
Nav(BURN)	X1-TX94-43479C  ->  X1-TX94-77250C	29s	8501s	112	150
Refuel		X1-TX94-77250C	              					1500
Total duration: 8501s
ECHO	X1-TX94-77250C	141 minutes

Running A* pathfinding for destination = X1-DG77-38610B	(LORDS HQ)
Time elapsed: 1.550640899s
Planned route from X1-ZU66-93668D to X1-DG77-38610B under fuel constraint: 1500
Nav(CRUISE)	X1-ZU66-93668D  ->  X1-ZU66-24389B	65s	  65s	100	1350
Jumpgate	X1-ZU66-24389B  ->  X1-MY24-28949D	116s	 181s	0	1350
Jumpgate	X1-MY24-28949D  ->  X1-CK51-99114E	166s	 347s	0	1350
Jumpgate	X1-CK51-99114E  ->  X1-BZ43-07889E	80s	 427s	0	1350
Jumpgate	X1-BZ43-07889E  ->  X1-NX16-59917B	195s	 622s	0	1350
Jumpgate	X1-NX16-59917B  ->  X1-KP71-71018D	198s	 820s	0	1350
Jumpgate	X1-KP71-71018D  ->  X1-ZP44-28858E	172s	 992s	0	1350
Jumpgate	X1-ZP44-28858E  ->  X1-XY55-45889B	86s	1078s	0	1350
Jumpgate	X1-XY55-45889B  ->  X1-GS75-53546X	190s	1268s	0	1350
Jumpgate	X1-GS75-53546X  ->  X1-ZF96-01557C	191s	1459s	0	1350
Jumpgate	X1-ZF96-01557C  ->  X1-KM74-74405X	171s	1630s	0	1350
Jumpgate	X1-KM74-74405X  ->  X1-DR56-13524X	187s	1817s	0	1350
Jumpgate	X1-DR56-13524X  ->  X1-JD23-91838A	77s	1894s	0	1350
Jumpgate	X1-JD23-91838A  ->  X1-ZM39-45975Z	170s	2064s	0	1350
Warp(CRUISE)	X1-ZM39-45975Z  ->  X1-KT94       	700s	2764s	1027	300
Warp(DRIFT)	X1-KT94         ->  X1-RY42-45810E	8588s	11352s	1	150
Jumpgate	X1-RY42-45810E  ->  X1-MR13-39753Z	183s	11535s	0	150
Jumpgate	X1-MR13-39753Z  ->  X1-FB55-32445A	145s	11680s	0	150
Jumpgate	X1-FB55-32445A  ->  X1-RH62-55753F	196s	11876s	0	150
Jumpgate	X1-RH62-55753F  ->  X1-DU76-01736F	140s	12016s	0	150
Jumpgate	X1-DU76-01736F  ->  X1-TB87-43085F	149s	12165s	0	150
Jumpgate	X1-TB87-43085F  ->  X1-JD41-53083C	132s	12297s	0	150
Nav(BURN)	X1-JD41-53083C  ->  X1-JD41-39860E	24s	12321s	72	0
Refuel		X1-JD41-39860E	              					1500
Warp(CRUISE)	X1-JD41-39860E  ->  X1-GA66-05233X	899s	13220s	1326	150
Refuel		X1-GA66-05233X	              					1500
Warp(CRUISE)	X1-GA66-05233X  ->  X1-S50-91341Z 	619s	13839s	906	450
Refuel		X1-S50-91341Z 	              					1500
Warp(BURN)	X1-S50-91341Z   ->  X1-AT47-34840D	256s	14095s	1444	0
Refuel		X1-AT47-34840D	              					1500
Warp(DRIFT)	X1-AT47-34840D  ->  X1-HF47       	9148s	23243s	1	1350
Warp(CRUISE)	X1-HF47         ->  X1-DG77-38610B	786s	24029s	1156	150
Refuel		X1-DG77-38610B	              					1500
Total duration: 24029s
LORDS	X1-DG77-38610B	400 minutes

Running A* pathfinding for destination = X1-FJ18-54920E	(CULT HQ)
Time elapsed: 1.594545335s
Planned route from X1-ZU66-93668D to X1-FJ18-54920E under fuel constraint: 1500
Nav(CRUISE)	X1-ZU66-93668D  ->  X1-ZU66-24389B	65s	  65s	100	1350
Jumpgate	X1-ZU66-24389B  ->  X1-ZR24-67509C	90s	 155s	0	1350
Jumpgate	X1-ZR24-67509C  ->  X1-TP44-07199D	133s	 288s	0	1350
Jumpgate	X1-TP44-07199D  ->  X1-QK10-47432B	165s	 453s	0	1350
Jumpgate	X1-QK10-47432B  ->  X1-RG52-99724B	198s	 651s	0	1350
Jumpgate	X1-RG52-99724B  ->  X1-UV10-33716C	184s	 835s	0	1350
Jumpgate	X1-UV10-33716C  ->  X1-XK72-62611D	129s	 964s	0	1350
Jumpgate	X1-XK72-62611D  ->  X1-N80-42264C 	192s	1156s	0	1350
Jumpgate	X1-N80-42264C   ->  X1-PD35-18789F	188s	1344s	0	1350
Jumpgate	X1-PD35-18789F  ->  X1-MD90-86429F	176s	1520s	0	1350
Jumpgate	X1-MD90-86429F  ->  X1-RK30-88304Z	161s	1681s	0	1350
Jumpgate	X1-RK30-88304Z  ->  X1-XJ24-53307X	108s	1789s	0	1350
Jumpgate	X1-XJ24-53307X  ->  X1-JR11-21136A	162s	1951s	0	1350
Jumpgate	X1-JR11-21136A  ->  X1-ZR46-24628E	197s	2148s	0	1350
Jumpgate	X1-ZR46-24628E  ->  X1-TZ26-41653B	129s	2277s	0	1350
Jumpgate	X1-TZ26-41653B  ->  X1-XC56-65376E	164s	2441s	0	1350
Jumpgate	X1-XC56-65376E  ->  X1-RV27-15665A	161s	2602s	0	1350
Warp(DRIFT)	X1-RV27-15665A  ->  X1-JD26       	2435s	5037s	1	1200
Warp(CRUISE)	X1-JD26         ->  X1-UM15       	548s	5585s	799	300
Warp(DRIFT)	X1-UM15         ->  X1-SP65-23865D	8968s	14553s	1	150
Jumpgate	X1-SP65-23865D  ->  X1-UH74-85027E	128s	14681s	0	150
Jumpgate	X1-UH74-85027E  ->  X1-ZS2-10796D 	178s	14859s	0	150
Jumpgate	X1-ZS2-10796D   ->  X1-ZP72-70927E	153s	15012s	0	150
Jumpgate	X1-ZP72-70927E  ->  X1-MT8-26849Z 	176s	15188s	0	150
Jumpgate	X1-MT8-26849Z   ->  X1-AR19-98055C	194s	15382s	0	150
Jumpgate	X1-AR19-98055C  ->  X1-BD25-42317D	189s	15571s	0	150
Jumpgate	X1-BD25-42317D  ->  X1-FB27-79839B	190s	15761s	0	150
Jumpgate	X1-FB27-79839B  ->  X1-NP83-72108X	60s	15821s	0	150
Nav(BURN)	X1-NP83-72108X  ->  X1-NP83-31137B	32s	15853s	134	0
Refuel		X1-NP83-31137B	              					1500
Nav(BURN)	X1-NP83-31137B  ->  X1-NP83-72108X	32s	15885s	134	1350
Jumpgate	X1-NP83-72108X  ->  X1-FB27-79839B	60s	15945s	0	1350
Jumpgate	X1-FB27-79839B  ->  X1-BD25-42317D	190s	16135s	0	1350
Jumpgate	X1-BD25-42317D  ->  X1-AR19-98055C	189s	16324s	0	1350
Jumpgate	X1-AR19-98055C  ->  X1-MT8-26849Z 	194s	16518s	0	1350
Jumpgate	X1-MT8-26849Z   ->  X1-ZP72-70927E	176s	16694s	0	1350
Jumpgate	X1-ZP72-70927E  ->  X1-ZS2-10796D 	153s	16847s	0	1350
Jumpgate	X1-ZS2-10796D   ->  X1-MJ88-90758Z	102s	16949s	0	1350
Jumpgate	X1-MJ88-90758Z  ->  X1-QU55-10895D	166s	17115s	0	1350
Jumpgate	X1-QU55-10895D  ->  X1-JA19-49436B	196s	17311s	0	1350
Jumpgate	X1-JA19-49436B  ->  X1-QM37-64808F	153s	17464s	0	1350
Jumpgate	X1-QM37-64808F  ->  X1-JT71-37664A	191s	17655s	0	1350
Jumpgate	X1-JT71-37664A  ->  X1-NT30-39727X	131s	17786s	0	1350
Jumpgate	X1-NT30-39727X  ->  X1-RT27-04224D	125s	17911s	0	1350
Jumpgate	X1-RT27-04224D  ->  X1-AG16-28396F	163s	18074s	0	1350
Jumpgate	X1-AG16-28396F  ->  X1-JJ44-60506A	110s	18184s	0	1350
Warp(CRUISE)	X1-JJ44-60506A  ->  X1-NH73       	532s	18716s	775	450
Warp(DRIFT)	X1-NH73         ->  X1-PP84-33933C	13742s	32458s	1	300
Jumpgate	X1-PP84-33933C  ->  X1-GB77-69615X	193s	32651s	0	300
Jumpgate	X1-GB77-69615X  ->  X1-RP27-36310E	104s	32755s	0	300
Jumpgate	X1-RP27-36310E  ->  X1-NP42-73966A	108s	32863s	0	300
Jumpgate	X1-NP42-73966A  ->  X1-GS29-70024F	175s	33038s	0	300
Jumpgate	X1-GS29-70024F  ->  X1-FJ18-47949D	165s	33203s	0	300
Nav(BURN)	X1-FJ18-47949D  ->  X1-FJ18-54920E	34s	33237s	148	150
Refuel		X1-FJ18-54920E	              					1500
Total duration: 33237s
CULT	X1-FJ18-54920E	553 minutes

Running A* pathfinding for destination = X1-FK9-63960Z	(ANCIENTS HQ)
Time elapsed: 2.185319229s
Planned route from X1-ZU66-93668D to X1-FK9-63960Z under fuel constraint: 1500
Nav(CRUISE)	X1-ZU66-93668D  ->  X1-ZU66-24389B	65s	  65s	100	1350
Jumpgate	X1-ZU66-24389B  ->  X1-ZR24-67509C	90s	 155s	0	1350
Jumpgate	X1-ZR24-67509C  ->  X1-TP44-07199D	133s	 288s	0	1350
Jumpgate	X1-TP44-07199D  ->  X1-QK10-47432B	165s	 453s	0	1350
Jumpgate	X1-QK10-47432B  ->  X1-RG52-99724B	198s	 651s	0	1350
Jumpgate	X1-RG52-99724B  ->  X1-UV10-33716C	184s	 835s	0	1350
Jumpgate	X1-UV10-33716C  ->  X1-XK72-62611D	129s	 964s	0	1350
Jumpgate	X1-XK72-62611D  ->  X1-N80-42264C 	192s	1156s	0	1350
Jumpgate	X1-N80-42264C   ->  X1-PD35-18789F	188s	1344s	0	1350
Jumpgate	X1-PD35-18789F  ->  X1-MD90-86429F	176s	1520s	0	1350
Jumpgate	X1-MD90-86429F  ->  X1-RK30-88304Z	161s	1681s	0	1350
Jumpgate	X1-RK30-88304Z  ->  X1-XJ24-53307X	108s	1789s	0	1350
Jumpgate	X1-XJ24-53307X  ->  X1-JR11-21136A	162s	1951s	0	1350
Jumpgate	X1-JR11-21136A  ->  X1-ZR46-24628E	197s	2148s	0	1350
Jumpgate	X1-ZR46-24628E  ->  X1-TZ26-41653B	129s	2277s	0	1350
Jumpgate	X1-TZ26-41653B  ->  X1-XC56-65376E	164s	2441s	0	1350
Jumpgate	X1-XC56-65376E  ->  X1-RV27-15665A	161s	2602s	0	1350
Warp(DRIFT)	X1-RV27-15665A  ->  X1-JD26       	2435s	5037s	1	1200
Warp(CRUISE)	X1-JD26         ->  X1-UM15       	548s	5585s	799	300
Warp(DRIFT)	X1-UM15         ->  X1-SP65-23865D	8968s	14553s	1	150
Jumpgate	X1-SP65-23865D  ->  X1-UH74-85027E	128s	14681s	0	150
Jumpgate	X1-UH74-85027E  ->  X1-ZS2-10796D 	178s	14859s	0	150
Jumpgate	X1-ZS2-10796D   ->  X1-ZP72-70927E	153s	15012s	0	150
Jumpgate	X1-ZP72-70927E  ->  X1-MT8-26849Z 	176s	15188s	0	150
Jumpgate	X1-MT8-26849Z   ->  X1-AR19-98055C	194s	15382s	0	150
Jumpgate	X1-AR19-98055C  ->  X1-BD25-42317D	189s	15571s	0	150
Jumpgate	X1-BD25-42317D  ->  X1-FB27-79839B	190s	15761s	0	150
Jumpgate	X1-FB27-79839B  ->  X1-NP83-72108X	60s	15821s	0	150
Jumpgate	X1-NP83-72108X  ->  X1-PV88-84239C	187s	16008s	0	150
Jumpgate	X1-PV88-84239C  ->  X1-UR47-12199Z	153s	16161s	0	150
Jumpgate	X1-UR47-12199Z  ->  X1-TA48-11065Z	190s	16351s	0	150
Nav(BURN)	X1-TA48-11065Z  ->  X1-TA48-54332Z	20s	16371s	40	0
Refuel		X1-TA48-54332Z	              					1500
Warp(BURN)	X1-TA48-54332Z  ->  X1-MK33-71110Z	137s	16508s	734	750
Refuel		X1-MK33-71110Z	              					1500
Warp(BURN)	X1-MK33-71110Z  ->  X1-ZB91-04961A	242s	16750s	1364	0
Refuel		X1-ZB91-04961A	              					1500
Warp(CRUISE)	X1-ZB91-04961A  ->  X1-K6-97032Z  	910s	17660s	1343	150
Refuel		X1-K6-97032Z  	              					1500
Nav(BURN)	X1-K6-97032Z    ->  X1-K6-59877E  	37s	17697s	176	1200
Jumpgate	X1-K6-59877E    ->  X1-HV7-78488A 	171s	17868s	0	1200
Jumpgate	X1-HV7-78488A   ->  X1-MK91-27877B	193s	18061s	0	1200
Jumpgate	X1-MK91-27877B  ->  X1-U83-91311A 	139s	18200s	0	1200
Warp(CRUISE)	X1-U83-91311A   ->  X1-K4         	548s	18748s	800	300
Warp(DRIFT)	X1-K4           ->  X1-DG71-75365F	9228s	27976s	1	150
Jumpgate	X1-DG71-75365F  ->  X1-YN54-85410Z	138s	28114s	0	150
Jumpgate	X1-YN54-85410Z  ->  X1-PR47-37857Z	125s	28239s	0	150
Warp(DRIFT)	X1-PR47-37857Z  ->  X1-FG17-63592B	30342s	58581s	1	0
Refuel		X1-FG17-63592B	              					1500
Warp(CRUISE)	X1-FG17-63592B  ->  X1-SP57       	824s	59405s	1213	150
Warp(DRIFT)	X1-SP57         ->  X1-AG82-20380D	7628s	67033s	1	0
Refuel		X1-AG82-20380D	              					1500
Warp(CRUISE)	X1-AG82-20380D  ->  X1-QS56-15060X	919s	67952s	1356	0
Refuel		X1-QS56-15060X	              					1500
Warp(DRIFT)	X1-QS56-15060X  ->  X1-TZ60-60425F	19535s	87487s	1	1350
Refuel		X1-TZ60-60425F	              					1500
Warp(CRUISE)	X1-TZ60-60425F  ->  X1-PS85-95940B	588s	88075s	859	600
Refuel		X1-PS85-95940B	              					1500
Warp(DRIFT)	X1-PS85-95940B  ->  X1-XZ81-87115X	30708s	118783s	1	1350
Jumpgate	X1-XZ81-87115X  ->  X1-FK9-75489C 	195s	118978s	0	1350
Nav(BURN)	X1-FK9-75489C   ->  X1-FK9-63960Z 	29s	119007s	108	1200
Refuel		X1-FK9-63960Z 	              					1500
Total duration: 119007s
ANCIENTS	X1-FK9-63960Z	1983 minutes

Running A* pathfinding for destination = X1-RG48-59920X	(SHADOW HQ)
Time elapsed: 1.810758411s
Planned route from X1-ZU66-93668D to X1-RG48-59920X under fuel constraint: 1500
Nav(CRUISE)	X1-ZU66-93668D  ->  X1-ZU66-24389B	65s	  65s	100	1350
Jumpgate	X1-ZU66-24389B  ->  X1-NB51-33013C	141s	 206s	0	1350
Jumpgate	X1-NB51-33013C  ->  X1-YS72-02614D	122s	 328s	0	1350
Jumpgate	X1-YS72-02614D  ->  X1-PM79-55629F	196s	 524s	0	1350
Jumpgate	X1-PM79-55629F  ->  X1-HA36-29310F	186s	 710s	0	1350
Jumpgate	X1-HA36-29310F  ->  X1-SZ65-83935D	153s	 863s	0	1350
Jumpgate	X1-SZ65-83935D  ->  X1-RZ78-06954C	196s	1059s	0	1350
Jumpgate	X1-RZ78-06954C  ->  X1-FT95-99239F	192s	1251s	0	1350
Jumpgate	X1-FT95-99239F  ->  X1-VF40-61215D	170s	1421s	0	1350
Jumpgate	X1-VF40-61215D  ->  X1-KD71-92952Z	198s	1619s	0	1350
Jumpgate	X1-KD71-92952Z  ->  X1-UC59-88334X	144s	1763s	0	1350
Jumpgate	X1-UC59-88334X  ->  X1-PB97-93115E	197s	1960s	0	1350
Jumpgate	X1-PB97-93115E  ->  X1-KQ38-11818A	92s	2052s	0	1350
Jumpgate	X1-KQ38-11818A  ->  X1-RJ81-86468C	155s	2207s	0	1350
Jumpgate	X1-RJ81-86468C  ->  X1-TC73-31343C	168s	2375s	0	1350
Jumpgate	X1-TC73-31343C  ->  X1-YK45-33259X	154s	2529s	0	1350
Jumpgate	X1-YK45-33259X  ->  X1-MM38-72198D	156s	2685s	0	1350
Jumpgate	X1-MM38-72198D  ->  X1-SR53-60610X	69s	2754s	0	1350
Jumpgate	X1-SR53-60610X  ->  X1-VY57-95111E	152s	2906s	0	1350
Jumpgate	X1-VY57-95111E  ->  X1-YP46-19089X	140s	3046s	0	1350
Jumpgate	X1-YP46-19089X  ->  X1-SG31-72109D	134s	3180s	0	1350
Jumpgate	X1-SG31-72109D  ->  X1-MR94-31257E	143s	3323s	0	1350
Jumpgate	X1-MR94-31257E  ->  X1-VH73-79647E	184s	3507s	0	1350
Jumpgate	X1-VH73-79647E  ->  X1-VB4-71176D 	112s	3619s	0	1350
Jumpgate	X1-VB4-71176D   ->  X1-VQ17-86785Z	136s	3755s	0	1350
Jumpgate	X1-VQ17-86785Z  ->  X1-PK44-11686C	163s	3918s	0	1350
Jumpgate	X1-PK44-11686C  ->  X1-PN27-20556X	75s	3993s	0	1350
Jumpgate	X1-PN27-20556X  ->  X1-VK60-95216E	155s	4148s	0	1350
Warp(CRUISE)	X1-VK60-95216E  ->  X1-XT63       	536s	4684s	782	450
Warp(DRIFT)	X1-XT63         ->  X1-CZ21-79656X	16562s	21246s	1	300
Jumpgate	X1-CZ21-79656X  ->  X1-FF3-57499F 	198s	21444s	0	300
Jumpgate	X1-FF3-57499F   ->  X1-VS84-17010B	186s	21630s	0	300
Jumpgate	X1-VS84-17010B  ->  X1-SH75-07411C	187s	21817s	0	300
Jumpgate	X1-SH75-07411C  ->  X1-FC44-93029F	145s	21962s	0	300
Warp(DRIFT)	X1-FC44-93029F  ->  X1-PD37-18592F	27848s	49810s	1	150
Jumpgate	X1-PD37-18592F  ->  X1-PC19-83855E	148s	49958s	0	150
Jumpgate	X1-PC19-83855E  ->  X1-M25-40548D 	193s	50151s	0	150
Warp(DRIFT)	X1-M25-40548D   ->  X1-AP91-22050B	31562s	81713s	1	0
Refuel		X1-AP91-22050B	              					1500
Nav(BURN)	X1-AP91-22050B  ->  X1-AP91-16436E	35s	81748s	162	1200
Jumpgate	X1-AP91-16436E  ->  X1-DY36-12435C	83s	81831s	0	1200
Warp(DRIFT)	X1-DY36-12435C  ->  X1-TV72-28015X	21002s	102833s	1	1050
Jumpgate	X1-TV72-28015X  ->  X1-RG48-11979E	147s	102980s	0	1050
Nav(BURN)	X1-RG48-11979E  ->  X1-RG48-59920X	38s	103018s	180	750
Refuel		X1-RG48-59920X	              					1500
Total duration: 103018s
SHADOW	X1-RG48-59920X	1716 minutes

Running A* pathfinding for destination = X1-DK42-60470D	(ETHEREAL HQ)
Time elapsed: 1.711779875s
Planned route from X1-ZU66-93668D to X1-DK42-60470D under fuel constraint: 1500
Nav(BURN)	X1-ZU66-93668D  ->  X1-ZU66-24389B	40s	  40s	200	1200
Jumpgate	X1-ZU66-24389B  ->  X1-NB51-33013C	141s	 181s	0	1200
Jumpgate	X1-NB51-33013C  ->  X1-ZB98-38486E	183s	 364s	0	1200
Jumpgate	X1-ZB98-38486E  ->  X1-GG87-92113A	173s	 537s	0	1200
Jumpgate	X1-GG87-92113A  ->  X1-KV51-21112B	87s	 624s	0	1200
Jumpgate	X1-KV51-21112B  ->  X1-A29-69327F 	194s	 818s	0	1200
Jumpgate	X1-A29-69327F   ->  X1-NQ55-34797A	123s	 941s	0	1200
Jumpgate	X1-NQ55-34797A  ->  X1-GM44-30836Z	145s	1086s	0	1200
Jumpgate	X1-GM44-30836Z  ->  X1-QT95-11445C	65s	1151s	0	1200
Jumpgate	X1-QT95-11445C  ->  X1-SQ98-16016X	194s	1345s	0	1200
Jumpgate	X1-SQ98-16016X  ->  X1-CT27-88776A	198s	1543s	0	1200
Jumpgate	X1-CT27-88776A  ->  X1-KF69-43311A	62s	1605s	0	1200
Jumpgate	X1-KF69-43311A  ->  X1-BX29-63638E	193s	1798s	0	1200
Jumpgate	X1-BX29-63638E  ->  X1-RC58-77607D	91s	1889s	0	1200
Jumpgate	X1-RC58-77607D  ->  X1-AD81-58806B	159s	2048s	0	1200
Jumpgate	X1-AD81-58806B  ->  X1-PY52-63558A	94s	2142s	0	1200
Jumpgate	X1-PY52-63558A  ->  X1-TU29-08010F	178s	2320s	0	1200
Jumpgate	X1-TU29-08010F  ->  X1-YG20-18118C	173s	2493s	0	1200
Jumpgate	X1-YG20-18118C  ->  X1-FC34-32856D	163s	2656s	0	1200
Jumpgate	X1-FC34-32856D  ->  X1-NJ72-51726Z	100s	2756s	0	1200
Jumpgate	X1-NJ72-51726Z  ->  X1-PT80-95810X	198s	2954s	0	1200
Jumpgate	X1-PT80-95810X  ->  X1-DD95-74236D	169s	3123s	0	1200
Jumpgate	X1-DD95-74236D  ->  X1-HK69-43278F	185s	3308s	0	1200
Jumpgate	X1-HK69-43278F  ->  X1-BU3-78045D 	185s	3493s	0	1200
Jumpgate	X1-BU3-78045D   ->  X1-JK73-40034Z	200s	3693s	0	1200
Jumpgate	X1-JK73-40034Z  ->  X1-SZ28-24308F	193s	3886s	0	1200
Jumpgate	X1-SZ28-24308F  ->  X1-CB55-76910D	173s	4059s	0	1200
Warp(CRUISE)	X1-CB55-76910D  ->  X1-ZS51-08980D	807s	4866s	1188	0
Refuel		X1-ZS51-08980D	              					1500
Warp(CRUISE)	X1-ZS51-08980D  ->  X1-PC86-88588B	852s	5718s	1255	150
Refuel		X1-PC86-88588B	              					1500
Nav(BURN)	X1-PC86-88588B  ->  X1-PC86-97669Z	16s	5734s	6	1350
Jumpgate	X1-PC86-97669Z  ->  X1-DU46-13115D	75s	5809s	0	1350
Jumpgate	X1-DU46-13115D  ->  X1-CX61-24018X	184s	5993s	0	1350
Jumpgate	X1-CX61-24018X  ->  X1-VK94-47910Z	145s	6138s	0	1350
Jumpgate	X1-VK94-47910Z  ->  X1-KV65-85705E	194s	6332s	0	1350
Jumpgate	X1-KV65-85705E  ->  X1-MX65-67012C	90s	6422s	0	1350
Jumpgate	X1-MX65-67012C  ->  X1-HD8-46412B 	161s	6583s	0	1350
Jumpgate	X1-HD8-46412B   ->  X1-KP12-27889A	154s	6737s	0	1350
Jumpgate	X1-KP12-27889A  ->  X1-MX5-36564X 	157s	6894s	0	1350
Warp(CRUISE)	X1-MX5-36564X   ->  X1-XN93       	600s	7494s	877	450
Warp(DRIFT)	X1-XN93         ->  X1-JN31-37857F	17215s	24709s	1	300
Jumpgate	X1-JN31-37857F  ->  X1-QH16-56310X	189s	24898s	0	300
Jumpgate	X1-QH16-56310X  ->  X1-MA76-78813B	177s	25075s	0	300
Warp(DRIFT)	X1-MA76-78813B  ->  X1-VX40-01210F	22508s	47583s	1	150
Jumpgate	X1-VX40-01210F  ->  X1-BD44-73558Z	113s	47696s	0	150
Nav(CRUISE)	X1-BD44-73558Z  ->  X1-BD44-18684D	57s	47753s	84	0
Refuel		X1-BD44-18684D	              					1500
Warp(CRUISE)	X1-BD44-18684D  ->  X1-C97        	814s	48567s	1199	300
Warp(DRIFT)	X1-C97          ->  X1-DK42-60470D	18015s	66582s	1	150
Refuel		X1-DK42-60470D	              					1500
Total duration: 66582s
ETHEREAL	X1-DK42-60470D	1109 minutes

